<?xml version="1.0" encoding="UTF-8"?>
<!-- Generated by org.testng.reporters.JUnitXMLReporter -->
<testsuite ignored="0" hostname="KTLKDIOT-L135" failures="3" tests="11" name="Admin Tests" time="3.45" errors="0" timestamp="2023-12-27T17:54:44 IST">
  <testcase classname="com.base.TestBase" name="@AfterClass tearDown" time="0.001">
    <failure type="java.lang.NullPointerException" message="Cannot invoke &amp;quot;org.openqa.selenium.WebDriver.quit()&amp;quot; because &amp;quot;this.driver&amp;quot; is null">
      <![CDATA[java.lang.NullPointerException: Cannot invoke "org.openqa.selenium.WebDriver.quit()" because "this.driver" is null
at com.base.TestBase.tearDown(TestBase.java:64)
at java.base/java.util.ArrayList.forEach(ArrayList.java:1511)
... Removed 26 stack frames]]>
    </failure>
  </testcase> <!-- @AfterClass tearDown -->
  <testcase classname="com.base.TestBase" name="@AfterClass tearDown" time="0.001">
    <failure type="java.lang.NullPointerException" message="Cannot invoke &amp;quot;org.openqa.selenium.WebDriver.quit()&amp;quot; because &amp;quot;this.driver&amp;quot; is null">
      <![CDATA[java.lang.NullPointerException: Cannot invoke "org.openqa.selenium.WebDriver.quit()" because "this.driver" is null
at com.base.TestBase.tearDown(TestBase.java:64)
at java.base/java.util.ArrayList.forEach(ArrayList.java:1511)
... Removed 26 stack frames]]>
    </failure>
  </testcase> <!-- @AfterClass tearDown -->
  <testcase classname="com.base.TestBase" name="@AfterClass tearDown" time="0.001">
    <failure type="java.lang.NullPointerException" message="Cannot invoke &amp;quot;org.openqa.selenium.WebDriver.quit()&amp;quot; because &amp;quot;this.driver&amp;quot; is null">
      <![CDATA[java.lang.NullPointerException: Cannot invoke "org.openqa.selenium.WebDriver.quit()" because "this.driver" is null
at com.base.TestBase.tearDown(TestBase.java:64)
at java.base/java.util.ArrayList.forEach(ArrayList.java:1511)
... Removed 26 stack frames]]>
    </failure>
  </testcase> <!-- @AfterClass tearDown -->
  <testcase classname="com.tests.BasePageTest" name="baseTest1" time="0.142"/>
  <testcase classname="com.tests.BasePageTest" name="baseTest2" time="3.004"/>
  <testcase classname="com.tests.BasePageTest" name="baseTest3" time="0.012"/>
  <testcase classname="com.tests.BasePageTest" name="verifyHomePage" time="0.017">
    <failure type="java.lang.NullPointerException" message="Cannot invoke &amp;quot;org.openqa.selenium.WebDriver.getTitle()&amp;quot; because &amp;quot;this.driver&amp;quot; is null">
      <![CDATA[java.lang.NullPointerException: Cannot invoke "org.openqa.selenium.WebDriver.getTitle()" because "this.driver" is null
at com.pages.BasePage.getPageTitle(BasePage.java:28)
at com.pages.BasePage.verifyBasePageTitle(BasePage.java:34)
at com.tests.BasePageTest.verifyHomePage(BasePageTest.java:23)
at java.base/java.util.ArrayList.forEach(ArrayList.java:1511)
... Removed 27 stack frames]]>
    </failure>
  </testcase> <!-- verifyHomePage -->
  <testcase classname="com.tests.SignInPageTest" name="SignInPageTestOne" time="0.003"/>
  <testcase classname="com.tests.SignInPageTest" name="SignInPageTestThree" time="0.002"/>
  <testcase classname="com.tests.SignInPageTest" name="SignInPageTestTwo" time="0.002"/>
  <testcase classname="com.tests.SignInPageTest" name="verifySignInFunction" time="0.002">
    <failure type="java.lang.NullPointerException" message="Cannot invoke &amp;quot;org.openqa.selenium.WebDriver.findElement(org.openqa.selenium.By)&amp;quot; because &amp;quot;this.driver&amp;quot; is null">
      <![CDATA[java.lang.NullPointerException: Cannot invoke "org.openqa.selenium.WebDriver.findElement(org.openqa.selenium.By)" because "this.driver" is null
at com.pages.BasePage.clickSignInBtn(BasePage.java:14)
at com.tests.SignInPageTest.verifySignInFunction(SignInPageTest.java:25)
at java.base/java.util.ArrayList.forEach(ArrayList.java:1511)
... Removed 27 stack frames]]>
    </failure>
  </testcase> <!-- verifySignInFunction -->
  <testcase classname="com.tests.CreateAccountTest" name="createAccountExample1" time="0.003"/>
  <testcase classname="com.tests.CreateAccountTest" name="createAccountExample2" time="0.002"/>
  <testcase classname="com.tests.CreateAccountTest" name="verifyCreateAnAccountPage" time="0.006">
    <failure type="java.lang.NullPointerException" message="Cannot invoke &amp;quot;org.openqa.selenium.WebDriver.findElement(org.openqa.selenium.By)&amp;quot; because &amp;quot;this.driver&amp;quot; is null">
      <![CDATA[java.lang.NullPointerException: Cannot invoke "org.openqa.selenium.WebDriver.findElement(org.openqa.selenium.By)" because "this.driver" is null
at com.pages.BasePage.clickSignInBtn(BasePage.java:14)
at com.tests.CreateAccountTest.verifyCreateAnAccountPage(CreateAccountTest.java:28)
at java.base/java.util.ArrayList.forEach(ArrayList.java:1511)
... Removed 27 stack frames]]>
    </failure>
  </testcase> <!-- verifyCreateAnAccountPage -->
</testsuite> <!-- Admin Tests -->
