<!DOCTYPE html PUBLIC "-//W3C//DTD XHTML 1.1//EN" "https://www.w3.org/TR/xhtml11/DTD/xhtml11.dtd">
<html xmlns="https://www.w3.org/1999/xhtml">
<head>
<meta http-equiv="content-type" content="text/html; charset=UTF-8"/>
<title>TestNG Report</title>
<style type="text/css">table {margin-bottom:10px;border-collapse:collapse;empty-cells:show}th,td {border:1px solid #009;padding:.25em .5em}th {vertical-align:bottom}td {vertical-align:top}table a {font-weight:bold}.stripe td {background-color: #E6EBF9}.num {text-align:right}.passedodd td {background-color: #3F3}.passedeven td {background-color: #0A0}.skippedodd td {background-color: #DDD}.skippedeven td {background-color: #CCC}.failedodd td,.attn {background-color: #F33}.failedeven td,.stripe .attn {background-color: #D00}.stacktrace {white-space:pre;font-family:monospace}.totop {font-size:85%;text-align:center;border-bottom:2px solid #000}.invisible {display:none}</style>
</head>
<body>
<table>
<tr><th>Test</th><th># Passed</th><th># Skipped</th><th># Retried</th><th># Failed</th><th>Time (ms)</th><th>Included Groups</th><th>Excluded Groups</th></tr>
<tr><th colspan="8">Test Suite</th></tr>
<tr><td><a href="#t0">Admin Tests</a></td><td class="num">8</td><td class="num">0</td><td class="num">0</td><td class="num attn">3</td><td class="num">3,450</td><td></td><td></td></tr>
</table>
<table id='summary'><thead><tr><th>Class</th><th>Method</th><th>Start</th><th>Time (ms)</th></tr></thead><tbody><tr><th colspan="4">Test Suite</th></tr></tbody><tbody id="t0"><tr><th colspan="4">Admin Tests &#8212; failed (configuration methods)</th></tr><tr class="failedeven"><td rowspan="1">com.tests.BasePageTest</td><td><a href="#m0">tearDown</a></td><td rowspan="1">1703679883566</td><td rowspan="1">1</td></tr><tr class="failedodd"><td rowspan="1">com.tests.CreateAccountTest</td><td><a href="#m1">tearDown</a></td><td rowspan="1">1703679883676</td><td rowspan="1">1</td></tr><tr class="failedeven"><td rowspan="1">com.tests.SignInPageTest</td><td><a href="#m2">tearDown</a></td><td rowspan="1">1703679883614</td><td rowspan="1">1</td></tr><tr><th colspan="4">Admin Tests &#8212; failed</th></tr><tr class="failedeven"><td rowspan="1">com.tests.BasePageTest</td><td><a href="#m3">verifyHomePage</a></td><td rowspan="1">1703679883538</td><td rowspan="1">17</td></tr><tr class="failedodd"><td rowspan="1">com.tests.CreateAccountTest</td><td><a href="#m4">verifyCreateAnAccountPage</a></td><td rowspan="1">1703679883665</td><td rowspan="1">6</td></tr><tr class="failedeven"><td rowspan="1">com.tests.SignInPageTest</td><td><a href="#m5">verifySignInFunction</a></td><td rowspan="1">1703679883609</td><td rowspan="1">2</td></tr><tr><th colspan="4">Admin Tests &#8212; passed</th></tr><tr class="passedeven"><td rowspan="3">com.tests.BasePageTest</td><td><a href="#m6">baseTest1</a></td><td rowspan="1">1703679880352</td><td rowspan="1">142</td></tr><tr class="passedeven"><td><a href="#m7">baseTest2</a></td><td rowspan="1">1703679880499</td><td rowspan="1">3004</td></tr><tr class="passedeven"><td><a href="#m8">baseTest3</a></td><td rowspan="1">1703679883520</td><td rowspan="1">12</td></tr><tr class="passedodd"><td rowspan="2">com.tests.CreateAccountTest</td><td><a href="#m9">createAccountExample1</a></td><td rowspan="1">1703679883651</td><td rowspan="1">3</td></tr><tr class="passedodd"><td><a href="#m10">createAccountExample2</a></td><td rowspan="1">1703679883657</td><td rowspan="1">2</td></tr><tr class="passedeven"><td rowspan="3">com.tests.SignInPageTest</td><td><a href="#m11">SignInPageTestOne</a></td><td rowspan="1">1703679883588</td><td rowspan="1">3</td></tr><tr class="passedeven"><td><a href="#m12">SignInPageTestThree</a></td><td rowspan="1">1703679883597</td><td rowspan="1">2</td></tr><tr class="passedeven"><td><a href="#m13">SignInPageTestTwo</a></td><td rowspan="1">1703679883602</td><td rowspan="1">2</td></tr></tbody>
</table>
<h2>Admin Tests</h2><h3 id="m0">com.tests.BasePageTest#tearDown</h3><table class="result"><tr><th>Exception</th></tr><tr><td><div class="stacktrace">java.lang.NullPointerException: Cannot invoke &quot;org.openqa.selenium.WebDriver.quit()&quot; because &quot;this.driver&quot; is null
	at com.base.TestBase.tearDown(TestBase.java:64)
	at java.base/java.util.ArrayList.forEach(ArrayList.java:1511)
... Removed 26 stack frames</div></td></tr></table><p class="totop"><a href="#summary">back to summary</a></p>
<h3 id="m1">com.tests.CreateAccountTest#tearDown</h3><table class="result"><tr><th>Exception</th></tr><tr><td><div class="stacktrace">java.lang.NullPointerException: Cannot invoke &quot;org.openqa.selenium.WebDriver.quit()&quot; because &quot;this.driver&quot; is null
	at com.base.TestBase.tearDown(TestBase.java:64)
	at java.base/java.util.ArrayList.forEach(ArrayList.java:1511)
... Removed 26 stack frames</div></td></tr></table><p class="totop"><a href="#summary">back to summary</a></p>
<h3 id="m2">com.tests.SignInPageTest#tearDown</h3><table class="result"><tr><th>Exception</th></tr><tr><td><div class="stacktrace">java.lang.NullPointerException: Cannot invoke &quot;org.openqa.selenium.WebDriver.quit()&quot; because &quot;this.driver&quot; is null
	at com.base.TestBase.tearDown(TestBase.java:64)
	at java.base/java.util.ArrayList.forEach(ArrayList.java:1511)
... Removed 26 stack frames</div></td></tr></table><p class="totop"><a href="#summary">back to summary</a></p>
<h3 id="m3">com.tests.BasePageTest#verifyHomePage</h3><table class="result"><tr><th>Exception</th></tr><tr><td><div class="stacktrace">java.lang.NullPointerException: Cannot invoke &quot;org.openqa.selenium.WebDriver.getTitle()&quot; because &quot;this.driver&quot; is null
	at com.pages.BasePage.getPageTitle(BasePage.java:28)
	at com.pages.BasePage.verifyBasePageTitle(BasePage.java:34)
	at com.tests.BasePageTest.verifyHomePage(BasePageTest.java:23)
	at java.base/java.util.ArrayList.forEach(ArrayList.java:1511)
... Removed 27 stack frames</div></td></tr></table><p class="totop"><a href="#summary">back to summary</a></p>
<h3 id="m4">com.tests.CreateAccountTest#verifyCreateAnAccountPage</h3><table class="result"><tr><th>Exception</th></tr><tr><td><div class="stacktrace">java.lang.NullPointerException: Cannot invoke &quot;org.openqa.selenium.WebDriver.findElement(org.openqa.selenium.By)&quot; because &quot;this.driver&quot; is null
	at com.pages.BasePage.clickSignInBtn(BasePage.java:14)
	at com.tests.CreateAccountTest.verifyCreateAnAccountPage(CreateAccountTest.java:28)
	at java.base/java.util.ArrayList.forEach(ArrayList.java:1511)
... Removed 27 stack frames</div></td></tr></table><p class="totop"><a href="#summary">back to summary</a></p>
<h3 id="m5">com.tests.SignInPageTest#verifySignInFunction</h3><table class="result"><tr><th>Exception</th></tr><tr><td><div class="stacktrace">java.lang.NullPointerException: Cannot invoke &quot;org.openqa.selenium.WebDriver.findElement(org.openqa.selenium.By)&quot; because &quot;this.driver&quot; is null
	at com.pages.BasePage.clickSignInBtn(BasePage.java:14)
	at com.tests.SignInPageTest.verifySignInFunction(SignInPageTest.java:25)
	at java.base/java.util.ArrayList.forEach(ArrayList.java:1511)
... Removed 27 stack frames</div></td></tr></table><p class="totop"><a href="#summary">back to summary</a></p>
<h3 id="m6">com.tests.BasePageTest#baseTest1</h3><table class="result"><tr><th class="invisible"/></tr></table><p class="totop"><a href="#summary">back to summary</a></p>
<h3 id="m7">com.tests.BasePageTest#baseTest2</h3><table class="result"><tr><th class="invisible"/></tr></table><p class="totop"><a href="#summary">back to summary</a></p>
<h3 id="m8">com.tests.BasePageTest#baseTest3</h3><table class="result"><tr><th class="invisible"/></tr></table><p class="totop"><a href="#summary">back to summary</a></p>
<h3 id="m9">com.tests.CreateAccountTest#createAccountExample1</h3><table class="result"><tr><th class="invisible"/></tr></table><p class="totop"><a href="#summary">back to summary</a></p>
<h3 id="m10">com.tests.CreateAccountTest#createAccountExample2</h3><table class="result"><tr><th class="invisible"/></tr></table><p class="totop"><a href="#summary">back to summary</a></p>
<h3 id="m11">com.tests.SignInPageTest#SignInPageTestOne</h3><table class="result"><tr><th class="invisible"/></tr></table><p class="totop"><a href="#summary">back to summary</a></p>
<h3 id="m12">com.tests.SignInPageTest#SignInPageTestThree</h3><table class="result"><tr><th class="invisible"/></tr></table><p class="totop"><a href="#summary">back to summary</a></p>
<h3 id="m13">com.tests.SignInPageTest#SignInPageTestTwo</h3><table class="result"><tr><th class="invisible"/></tr></table><p class="totop"><a href="#summary">back to summary</a></p>
</body>
</html>
